# JRE version: Java(TM) SE Runtime Environment (25.0.3+9) (build 25.0.3+9-LTS-195)
# Java VM: Java HotSpot(TM) 64-Bit Server VM (25.0.3+9-LTS-195, mixed mode, sharing, tiered, compressed oops, compressed class ptrs, g1 gc, bsd-amd64)
Heap:
 garbage-first heap   total reserved 4194304K, committed 264192K, used 14143K [0x0000000700000000, 0x0000000800000000)
  region size 2048K, 6 young (12288K), 1 survivors (2048K)
GC Heap Usage History (20 events):
Event: 56333.062 {heap Before GC invocations=110 (full 0):
 garbage-first heap   total reserved 4194304K, committed 264192K, used 157503K [0x0000000700000000, 0x0000000800000000)
  region size 2048K, 76 young (155648K), 1 survivors (2048K)
}
Event: 56333.062 {heap After GC invocations=111 (full 0):
 garbage-first heap   total reserved 4194304K, committed 264192K, used 3901K [0x0000000700000000, 0x0000000800000000)
  region size 2048K, 1 young (2048K), 1 survivors (2048K)
}
Event: 56876.326 {heap Before GC invocations=111 (full 0):
 garbage-first heap   total reserved 4194304K, committed 264192K, used 157501K [0x0000000700000000, 0x0000000800000000)
  region size 2048K, 76 young (155648K), 1 survivors (2048K)
}
Event: 56876.326 {heap After GC invocations=112 (full 0):
 garbage-first heap   total reserved 4194304K, committed 264192K, used 3903K [0x0000000700000000, 0x0000000800000000)
  region size 2048K, 1 young (2048K), 1 survivors (2048K)
}
Event: 57418.082 {heap Before GC invocations=112 (full 0):
 garbage-first heap   total reserved 4194304K, committed 264192K, used 157503K [0x0000000700000000, 0x0000000800000000)
  region size 2048K, 76 young (155648K), 1 survivors (2048K)
}
Event: 57418.084 {heap After GC invocations=113 (full 0):
 garbage-first heap   total reserved 4194304K, committed 264192K, used 3897K [0x0000000700000000, 0x0000000800000000)
  region size 2048K, 1 young (2048K), 1 survivors (2048K)
}
Event: 57959.931 {heap Before GC invocations=113 (full 0):
 garbage-first heap   total reserved 4194304K, committed 264192K, used 157497K [0x0000000700000000, 0x0000000800000000)
  region size 2048K, 76 young (155648K), 1 survivors (2048K)
}
Event: 57959.932 {heap After GC invocations=114 (full 0):
 garbage-first heap   total reserved 4194304K, committed 264192K, used 3899K [0x0000000700000000, 0x0000000800000000)
  region size 2048K, 1 young (2048K), 1 survivors (2048K)
}
Event: 58500.968 {heap Before GC invocations=114 (full 0):
 garbage-first heap   total reserved 4194304K, committed 264192K, used 157499K [0x0000000700000000, 0x0000000800000000)
  region size 2048K, 76 young (155648K), 1 survivors (2048K)
}
Event: 58500.968 {heap After GC invocations=115 (full 0):
 garbage-first heap   total reserved 4194304K, committed 264192K, used 3901K [0x0000000700000000, 0x0000000800000000)
  region size 2048K, 1 young (2048K), 1 survivors (2048K)
}
Event: 59043.621 {heap Before GC invocations=115 (full 0):
 garbage-first heap   total reserved 4194304K, committed 264192K, used 157501K [0x0000000700000000, 0x0000000800000000)
  region size 2048K, 76 young (155648K), 1 survivors (2048K)
}
Event: 59043.623 {heap After GC invocations=116 (full 0):
 garbage-first heap   total reserved 4194304K, committed 264192K, used 3901K [0x0000000700000000, 0x0000000800000000)
  region size 2048K, 1 young (2048K), 1 survivors (2048K)
}
Event: 59587.221 {heap Before GC invocations=116 (full 0):
 garbage-first heap   total reserved 4194304K, committed 264192K, used 157501K [0x0000000700000000, 0x0000000800000000)
  region size 2048K, 76 young (155648K), 1 survivors (2048K)
}
Event: 59587.222 {heap After GC invocations=117 (full 0):
 garbage-first heap   total reserved 4194304K, committed 264192K, used 3903K [0x0000000700000000, 0x0000000800000000)
  region size 2048K, 1 young (2048K), 1 survivors (2048K)
}
Event: 60128.280 {heap Before GC invocations=117 (full 0):
 garbage-first heap   total reserved 4194304K, committed 264192K, used 157503K [0x0000000700000000, 0x0000000800000000)
  region size 2048K, 76 young (155648K), 1 survivors (2048K)
}
Event: 60128.281 {heap After GC invocations=118 (full 0):
 garbage-first heap   total reserved 4194304K, committed 264192K, used 3903K [0x0000000700000000, 0x0000000800000000)
  region size 2048K, 1 young (2048K), 1 survivors (2048K)
}
Event: 60671.417 {heap Before GC invocations=118 (full 0):
 garbage-first heap   total reserved 4194304K, committed 264192K, used 157503K [0x0000000700000000, 0x0000000800000000)
  region size 2048K, 76 young (155648K), 1 survivors (2048K)
}
Event: 60671.417 {heap After GC invocations=119 (full 0):
 garbage-first heap   total reserved 4194304K, committed 264192K, used 3903K [0x0000000700000000, 0x0000000800000000)
  region size 2048K, 1 young (2048K), 1 survivors (2048K)
}
Event: 61214.451 {heap Before GC invocations=119 (full 0):
 garbage-first heap   total reserved 4194304K, committed 264192K, used 157503K [0x0000000700000000, 0x0000000800000000)
  region size 2048K, 76 young (155648K), 1 survivors (2048K)
}
Event: 61214.451 {heap After GC invocations=120 (full 0):
 garbage-first heap   total reserved 4194304K, committed 264192K, used 3903K [0x0000000700000000, 0x0000000800000000)
  region size 2048K, 1 young (2048K), 1 survivors (2048K)
}

